<?xml version="1.0" encoding="UTF-8"?>
<!-- Generated by org.testng.reporters.JUnitXMLReporter -->
<testsuite hostname="bhushan-PC" ignored="0" name="Linkage" tests="2" failures="1" timestamp="2020-06-24T22:39:21 IST" time="75.854" errors="0">
  <testcase name="Linkage_Test1" time="63.294" classname="Test.myaccountTC">
    <failure type="java.lang.AssertionError" message="null">
      <![CDATA[java.lang.AssertionError: null
at PageObjects.myaccount.TC1(myaccount.java:41)
at Test.myaccountTC.Linkage_Test1(myaccountTC.java:86)
at java.util.concurrent.ThreadPoolExecutor.runWorker(Unknown Source)
at java.util.concurrent.ThreadPoolExecutor$Worker.run(Unknown Source)
at java.lang.Thread.run(Unknown Source)
... Removed 14 stack frames]]>
    </failure>
  </testcase> <!-- Linkage_Test1 -->
  <testcase name="Linkage_Test2" time="70.297" classname="Test.myaccountTC"/>
</testsuite> <!-- Linkage -->
