<?xml version="1.0" encoding="UTF-8"?>
<testng-results skipped="0" failed="1" ignored="0" total="2" passed="1">
  <reporter-output>
    <line>
      <![CDATA[Error logged for test case id:tc1]]>
    </line>
    <line>
      <![CDATA[Error logged for test case id:tc1]]>
    </line>
    <line>
      <![CDATA[Linkage_Test1is Fail]]>
    </line>
    <line>
      <![CDATA[Linkage_Test2is Pass]]>
    </line>
  </reporter-output>
  <suite name="Suite" duration-ms="75854" started-at="2020-06-24T22:38:05 IST" finished-at="2020-06-24T22:39:21 IST">
    <groups>
    </groups>
    <test name="Linkage" duration-ms="75854" started-at="2020-06-24T22:38:05 IST" finished-at="2020-06-24T22:39:21 IST">
      <class name="Test.myaccountTC">
        <test-method status="PASS" signature="SetUp()[pri:0, instance:Test.myaccountTC@64729b1e]" name="SetUp" is-config="true" duration-ms="2535" started-at="2020-06-24T22:38:05 IST" finished-at="2020-06-24T22:38:08 IST">
          <reporter-output>
          </reporter-output>
        </test-method> <!-- SetUp -->
        <test-method status="FAIL" signature="Linkage_Test1(java.util.LinkedHashMap)[pri:0, instance:Test.myaccountTC@64729b1e]" name="Linkage_Test1" duration-ms="63294" started-at="2020-06-24T22:38:08 IST" data-provider="Linkage" finished-at="2020-06-24T22:39:12 IST">
          <params>
            <param index="0">
              <value>
                <![CDATA[{TestCaseName=Linkage_Test1, CaseToRun=Y, TestResult=, TimeLoad=Fail, Name=Bhushan, Age=28}]]>
              </value>
            </param>
          </params>
          <exception class="java.lang.AssertionError">
            <message>
              <![CDATA[null]]>
            </message>
            <full-stacktrace>
              <![CDATA[java.lang.AssertionError: null
at org.testng.Assert.fail(Assert.java:97)
at org.testng.Assert.fail(Assert.java:102)
at PageObjects.myaccount.TC1(myaccount.java:41)
at Test.myaccountTC.Linkage_Test1(myaccountTC.java:86)
at sun.reflect.NativeMethodAccessorImpl.invoke0(Native Method)
at sun.reflect.NativeMethodAccessorImpl.invoke(Unknown Source)
at sun.reflect.DelegatingMethodAccessorImpl.invoke(Unknown Source)
at java.lang.reflect.Method.invoke(Unknown Source)
at org.testng.internal.MethodInvocationHelper.invokeMethod(MethodInvocationHelper.java:133)
at org.testng.internal.TestInvoker.invokeMethod(TestInvoker.java:584)
at org.testng.internal.TestInvoker.invokeTestMethod(TestInvoker.java:172)
at org.testng.internal.MethodRunner.runInSequence(MethodRunner.java:46)
at org.testng.internal.TestInvoker$MethodInvocationAgent.invoke(TestInvoker.java:804)
at org.testng.internal.TestInvoker.invokeTestMethods(TestInvoker.java:145)
at org.testng.internal.TestMethodWorker.invokeTestMethods(TestMethodWorker.java:146)
at org.testng.internal.TestMethodWorker.run(TestMethodWorker.java:128)
at java.util.concurrent.ThreadPoolExecutor.runWorker(Unknown Source)
at java.util.concurrent.ThreadPoolExecutor$Worker.run(Unknown Source)
at java.lang.Thread.run(Unknown Source)
]]>
            </full-stacktrace>
          </exception> <!-- java.lang.AssertionError -->
          <reporter-output>
            <line>
              <![CDATA[Error logged for test case id:tc1]]>
            </line>
          </reporter-output>
        </test-method> <!-- Linkage_Test1 -->
        <test-method status="PASS" signature="Linkage_Test2(java.util.LinkedHashMap)[pri:0, instance:Test.myaccountTC@64729b1e]" name="Linkage_Test2" duration-ms="70297" started-at="2020-06-24T22:38:08 IST" data-provider="Linkage" finished-at="2020-06-24T22:39:19 IST">
          <params>
            <param index="0">
              <value>
                <![CDATA[{TestCaseName=Linkage_Test2, CaseToRun=Y, TestResult=, TimeLoad=Pass, Name=Bhushan, Age=29}]]>
              </value>
            </param>
          </params>
          <reporter-output>
            <line>
              <![CDATA[Error logged for test case id:tc1]]>
            </line>
          </reporter-output>
        </test-method> <!-- Linkage_Test2 -->
        <test-method status="PASS" signature="ReporterdataResults(org.testng.ITestResult)[pri:0, instance:Test.myaccountTC@64729b1e]" name="ReporterdataResults" is-config="true" duration-ms="5679" started-at="2020-06-24T22:39:15 IST" finished-at="2020-06-24T22:39:21 IST">
          <params>
            <param index="0">
              <value>
                <![CDATA[[TestResult name=Linkage_Test1 status=FAILURE method=myaccountTC.Linkage_Test1(java.util.LinkedHashMap)[pri:0, instance:Test.myaccountTC@64729b1e] output=Error logged for test case id:tc1]]]>
              </value>
            </param>
          </params>
          <reporter-output>
            <line>
              <![CDATA[Linkage_Test1is Fail]]>
            </line>
          </reporter-output>
        </test-method> <!-- ReporterdataResults -->
        <test-method status="PASS" signature="ReporterdataResults(org.testng.ITestResult)[pri:0, instance:Test.myaccountTC@64729b1e]" name="ReporterdataResults" is-config="true" duration-ms="2038" started-at="2020-06-24T22:39:19 IST" finished-at="2020-06-24T22:39:21 IST">
          <params>
            <param index="0">
              <value>
                <![CDATA[[TestResult name=Linkage_Test2 status=SUCCESS method=myaccountTC.Linkage_Test2(java.util.LinkedHashMap)[pri:0, instance:Test.myaccountTC@64729b1e] output=Error logged for test case id:tc1]]]>
              </value>
            </param>
          </params>
          <reporter-output>
            <line>
              <![CDATA[Linkage_Test2is Pass]]>
            </line>
          </reporter-output>
        </test-method> <!-- ReporterdataResults -->
        <test-method status="PASS" signature="aftersuite()[pri:0, instance:Test.myaccountTC@64729b1e]" name="aftersuite" is-config="true" duration-ms="1703" started-at="2020-06-24T22:39:21 IST" finished-at="2020-06-24T22:39:23 IST">
          <reporter-output>
          </reporter-output>
        </test-method> <!-- aftersuite -->
      </class> <!-- Test.myaccountTC -->
    </test> <!-- Linkage -->
  </suite> <!-- Suite -->
</testng-results>
